{
  "RSpec": {
    "coverage": {
      "/Users/adamsnow/OneDrive/MacBook Only/Coding/weekly_projects/bookmark_manager/spec/features/feature_test_spec.rb": [
        null,
        null,
        null,
        null,
        null,
        null,
        null,
        null,
        null,
        null,
        null,
        null,
        null,
        null,
        null,
        null,
        1,
        1,
        1,
        1,
        1,
        1,
        1,
        1,
        null,
        null,
        null,
        null,
        1,
        1,
        1,
        1,
        1,
        1,
        1,
        1,
        null,
        null,
        null
      ],
      "/Users/adamsnow/OneDrive/MacBook Only/Coding/weekly_projects/bookmark_manager/spec/units/interface_spec.rb": [

      ],
      "/Users/adamsnow/OneDrive/MacBook Only/Coding/weekly_projects/bookmark_manager/spec/units/user_spec.rb": [

      ],
      "/Users/adamsnow/OneDrive/MacBook Only/Coding/weekly_projects/bookmark_manager/spec/units/user_verification_spec.rb": [

      ]
    },
    "timestamp": 1493735861
  }
}
